{
  "RSpec": {
    "coverage": {
      "/home/heath/rails_projects/prizeboard2/app/controllers/application_controller.rb": [
        1,
        1,
        null
      ],
      "/home/heath/rails_projects/prizeboard2/app/helpers/application_helper.rb": [
        1,
        null,
        null
      ],
      "/home/heath/rails_projects/prizeboard2/app/helpers/categories_helper.rb": [
        1,
        null
      ],
      "/home/heath/rails_projects/prizeboard2/app/helpers/categories_controller_helper.rb": [
        1,
        null
      ],
      "/home/heath/rails_projects/prizeboard2/app/helpers/prizeboard_helper.rb": [
        1,
        null
      ],
      "/home/heath/rails_projects/prizeboard2/app/helpers/prizes_helper.rb": [
        1,
        null
      ],
      "/home/heath/rails_projects/prizeboard2/app/controllers/categories_controller.rb": [
        1,
        null,
        1,
        14,
        null,
        null,
        1,
        12,
        12,
        null,
        null,
        1,
        10,
        null,
        null,
        1,
        13,
        13,
        9,
        9,
        null,
        4,
        null,
        null,
        null,
        1,
        4,
        null,
        null,
        1,
        6,
        6,
        3,
        3,
        null,
        3,
        null,
        null,
        null,
        1,
        3,
        3,
        3,
        3,
        null,
        null
      ],
      "/home/heath/rails_projects/prizeboard2/app/models/category.rb": [
        1,
        1,
        null,
        1,
        1,
        null,
        1,
        null,
        1,
        null,
        null,
        null
      ],
      "/home/heath/rails_projects/prizeboard2/app/controllers/prizeboard_controller.rb": [
        1,
        1,
        1,
        3,
        null,
        null,
        1,
        0,
        null,
        null,
        1,
        0,
        0,
        0,
        0,
        null,
        0,
        null,
        null,
        null
      ],
      "/home/heath/rails_projects/prizeboard2/app/controllers/prizes_controller.rb": [
        1,
        null,
        1,
        null,
        1,
        5,
        null,
        null,
        1,
        null,
        null,
        null,
        1,
        2,
        2,
        2,
        null,
        0,
        null,
        null,
        null,
        1,
        3,
        null,
        null,
        1,
        1,
        1,
        0,
        null,
        1,
        null,
        null,
        null,
        1,
        3,
        3,
        3,
        3,
        null,
        null,
        1,
        1,
        14,
        null,
        null
      ],
      "/home/heath/rails_projects/prizeboard2/app/models/prize.rb": [
        1,
        1,
        null,
        1,
        1,
        null,
        null
      ]
    },
    "timestamp": 1389177816
  }
}
