{
  "RSpec": {
    "coverage": {
      "/home/heath/rails_projects/prizeboard/app/controllers/application_controller.rb": [
        1,
        1,
        null
      ],
      "/home/heath/rails_projects/prizeboard/app/helpers/application_helper.rb": [
        1,
        null
      ],
      "/home/heath/rails_projects/prizeboard/app/helpers/categories_helper.rb": [
        1,
        null
      ],
      "/home/heath/rails_projects/prizeboard/app/helpers/categories_controller_helper.rb": [
        1,
        null
      ],
      "/home/heath/rails_projects/prizeboard/app/helpers/prizes_helper.rb": [
        1,
        null
      ],
      "/home/heath/rails_projects/prizeboard/app/controllers/categories_controller.rb": [
        1,
        1,
        14,
        null,
        null,
        1,
        13,
        13,
        null,
        null,
        1,
        10,
        null,
        null,
        1,
        13,
        13,
        9,
        9,
        null,
        4,
        null,
        null,
        null,
        1,
        4,
        null,
        null,
        1,
        6,
        6,
        3,
        3,
        null,
        3,
        null,
        null,
        null,
        1,
        3,
        3,
        3,
        3,
        null,
        null
      ],
      "/home/heath/rails_projects/prizeboard/app/models/category.rb": [
        1,
        1,
        null,
        1,
        1,
        null,
        1,
        null,
        1,
        null,
        null
      ],
      "/home/heath/rails_projects/prizeboard/app/controllers/prizes_controller.rb": [
        1,
        null,
        1,
        null,
        1,
        5,
        20,
        null,
        null,
        1,
        null,
        null,
        null,
        1,
        7,
        7,
        4,
        null,
        3,
        null,
        null,
        null,
        1,
        3,
        null,
        null,
        1,
        null,
        2,
        2,
        1,
        null,
        1,
        null,
        null,
        null,
        null,
        1,
        3,
        3,
        3,
        3,
        null,
        null,
        1,
        1,
        20,
        null,
        null
      ],
      "/home/heath/rails_projects/prizeboard/app/models/prize.rb": [
        1,
        1,
        null,
        1,
        1,
        null,
        null,
        7,
        null,
        null,
        null,
        null
      ],
      "/home/heath/rails_projects/prizeboard/app/models/prize_element.rb": [
        1,
        1,
        null,
        1,
        null,
        null
      ]
    },
    "timestamp": 1379670405
  }
}
